---
0x23aa404e28e260021b96718f9f6d5c8b1d664f2a:0x0 *
0x23aa404e28e260021b96718f9f6d5c8b1d664f2a:0x2 *
0x23aa404e28e260021b96718f9f6d5c8b1d664f2a:0x4 *
0x23aa404e28e260021b96718f9f6d5c8b1d664f2a:0x5 *
0x23aa404e28e260021b96718f9f6d5c8b1d664f2a:0x6 *
0x23aa404e28e260021b96718f9f6d5c8b1d664f2a:0x7 *
0x23aa404e28e260021b96718f9f6d5c8b1d664f2a:0x8 *
0x23aa404e28e260021b96718f9f6d5c8b1d664f2a:0xb *
0x23aa404e28e260021b96718f9f6d5c8b1d664f2a:0x10 *
0x23aa404e28e260021b96718f9f6d5c8b1d664f2a:0x11 *
0x23aa404e28e260021b96718f9f6d5c8b1d664f2a:0x12 *
0x23aa404e28e260021b96718f9f6d5c8b1d664f2a:0x14 *
0x23aa404e28e260021b96718f9f6d5c8b1d664f2a:0x16 *
0x23aa404e28e260021b96718f9f6d5c8b1d664f2a:0x17 *
0x23aa404e28e260021b96718f9f6d5c8b1d664f2a:0x18 *
0x23aa404e28e260021b96718f9f6d5c8b1d664f2a:0x2d *
0x23aa404e28e260021b96718f9f6d5c8b1d664f2a:0x2e *
0x23aa404e28e260021b96718f9f6d5c8b1d664f2a:0x43 *
0x23aa404e28e260021b96718f9f6d5c8b1d664f2a:0x44 *
0x23aa404e28e260021b96718f9f6d5c8b1d664f2a:0x45 *
0x23aa404e28e260021b96718f9f6d5c8b1d664f2a:0x46 *
0x23aa404e28e260021b96718f9f6d5c8b1d664f2a:0x48 *
0x23aa404e28e260021b96718f9f6d5c8b1d664f2a:0x49 *
0x23aa404e28e260021b96718f9f6d5c8b1d664f2a:0x4a *
0x23aa404e28e260021b96718f9f6d5c8b1d664f2a:0x4b *
0x23aa404e28e260021b96718f9f6d5c8b1d664f2a:0x4c *
0x23aa404e28e260021b96718f9f6d5c8b1d664f2a:0x4e *
0x23aa404e28e260021b96718f9f6d5c8b1d664f2a:0x4f *
0x23aa404e28e260021b96718f9f6d5c8b1d664f2a:0x51 *
0x23aa404e28e260021b96718f9f6d5c8b1d664f2a:0x52 *
0x23aa404e28e260021b96718f9f6d5c8b1d664f2a:0x53 *
0x23aa404e28e260021b96718f9f6d5c8b1d664f2a:0x54 *
0x23aa404e28e260021b96718f9f6d5c8b1d664f2a:0x55 *
0x23aa404e28e260021b96718f9f6d5c8b1d664f2a:0x56 *
0x23aa404e28e260021b96718f9f6d5c8b1d664f2a:0x59 *
0x23aa404e28e260021b96718f9f6d5c8b1d664f2a:0x5a *
0x23aa404e28e260021b96718f9f6d5c8b1d664f2a:0x5d *
0x23aa404e28e260021b96718f9f6d5c8b1d664f2a:0x5f *
0x23aa404e28e260021b96718f9f6d5c8b1d664f2a:0x60 *
0x23aa404e28e260021b96718f9f6d5c8b1d664f2a:0x62 *
---
0x23aa404e28e260021b96718f9f6d5c8b1d664f2a:0x0 
0x23aa404e28e260021b96718f9f6d5c8b1d664f2a:0x2 
0x23aa404e28e260021b96718f9f6d5c8b1d664f2a:0x4 
0x23aa404e28e260021b96718f9f6d5c8b1d664f2a:0x5 
0x23aa404e28e260021b96718f9f6d5c8b1d664f2a:0x6 
0x23aa404e28e260021b96718f9f6d5c8b1d664f2a:0x7 
0x23aa404e28e260021b96718f9f6d5c8b1d664f2a:0x8 
0x23aa404e28e260021b96718f9f6d5c8b1d664f2a:0xb 
0x23aa404e28e260021b96718f9f6d5c8b1d664f2a:0x10 
0x23aa404e28e260021b96718f9f6d5c8b1d664f2a:0x11 
0x23aa404e28e260021b96718f9f6d5c8b1d664f2a:0x12 
0x23aa404e28e260021b96718f9f6d5c8b1d664f2a:0x14 
0x23aa404e28e260021b96718f9f6d5c8b1d664f2a:0x15 
0x23aa404e28e260021b96718f9f6d5c8b1d664f2a:0x16 
0x23aa404e28e260021b96718f9f6d5c8b1d664f2a:0x19 
0x23aa404e28e260021b96718f9f6d5c8b1d664f2a:0x1a 
0x23aa404e28e260021b96718f9f6d5c8b1d664f2a:0x1c 
0x23aa404e28e260021b96718f9f6d5c8b1d664f2a:0x1d 
0x23aa404e28e260021b96718f9f6d5c8b1d664f2a:0x1f 
0x23aa404e28e260021b96718f9f6d5c8b1d664f2a:0x20 
0x23aa404e28e260021b96718f9f6d5c8b1d664f2a:0x21 
0x23aa404e28e260021b96718f9f6d5c8b1d664f2a:0x26 
0x23aa404e28e260021b96718f9f6d5c8b1d664f2a:0x27 
0x23aa404e28e260021b96718f9f6d5c8b1d664f2a:0x2a 
0x23aa404e28e260021b96718f9f6d5c8b1d664f2a:0x3b 
0x23aa404e28e260021b96718f9f6d5c8b1d664f2a:0x3c 
0x23aa404e28e260021b96718f9f6d5c8b1d664f2a:0x3f 
0x23aa404e28e260021b96718f9f6d5c8b1d664f2a:0x41 
0x23aa404e28e260021b96718f9f6d5c8b1d664f2a:0x42 
0x23aa404e28e260021b96718f9f6d5c8b1d664f2a:0x43 
0x23aa404e28e260021b96718f9f6d5c8b1d664f2a:0x44 
0x23aa404e28e260021b96718f9f6d5c8b1d664f2a:0x46 
0x23aa404e28e260021b96718f9f6d5c8b1d664f2a:0x47 
0x23aa404e28e260021b96718f9f6d5c8b1d664f2a:0x48 
0x23aa404e28e260021b96718f9f6d5c8b1d664f2a:0x49 
0x23aa404e28e260021b96718f9f6d5c8b1d664f2a:0x4c 
0x23aa404e28e260021b96718f9f6d5c8b1d664f2a:0x51 
0x23aa404e28e260021b96718f9f6d5c8b1d664f2a:0x52 
0x23aa404e28e260021b96718f9f6d5c8b1d664f2a:0x53 
0x23aa404e28e260021b96718f9f6d5c8b1d664f2a:0x54 
0x23aa404e28e260021b96718f9f6d5c8b1d664f2a:0x55 
0x23aa404e28e260021b96718f9f6d5c8b1d664f2a:0x56 
0x23aa404e28e260021b96718f9f6d5c8b1d664f2a:0x57 
0x23aa404e28e260021b96718f9f6d5c8b1d664f2a:0x58 
0x23aa404e28e260021b96718f9f6d5c8b1d664f2a:0x6d 
0x23aa404e28e260021b96718f9f6d5c8b1d664f2a:0x6e 
0x23aa404e28e260021b96718f9f6d5c8b1d664f2a:0x6f 
0x23aa404e28e260021b96718f9f6d5c8b1d664f2a:0x71 
0x23aa404e28e260021b96718f9f6d5c8b1d664f2a:0x72 
0x23aa404e28e260021b96718f9f6d5c8b1d664f2a:0x73 
0x23aa404e28e260021b96718f9f6d5c8b1d664f2a:0x74 
0x23aa404e28e260021b96718f9f6d5c8b1d664f2a:0x75 
0x23aa404e28e260021b96718f9f6d5c8b1d664f2a:0x76 
0x23aa404e28e260021b96718f9f6d5c8b1d664f2a:0x77 
0x23aa404e28e260021b96718f9f6d5c8b1d664f2a:0x78 
0x23aa404e28e260021b96718f9f6d5c8b1d664f2a:0x79 
0x23aa404e28e260021b96718f9f6d5c8b1d664f2a:0x7c 
0x23aa404e28e260021b96718f9f6d5c8b1d664f2a:0xe1 
0x23aa404e28e260021b96718f9f6d5c8b1d664f2a:0xe2 
0x23aa404e28e260021b96718f9f6d5c8b1d664f2a:0xe4 
0x23aa404e28e260021b96718f9f6d5c8b1d664f2a:0xe6 
0x23aa404e28e260021b96718f9f6d5c8b1d664f2a:0xe7 
0x23aa404e28e260021b96718f9f6d5c8b1d664f2a:0xe8 
0x23aa404e28e260021b96718f9f6d5c8b1d664f2a:0xea 
0x23aa404e28e260021b96718f9f6d5c8b1d664f2a:0xeb 
0x23aa404e28e260021b96718f9f6d5c8b1d664f2a:0xed 
0x23aa404e28e260021b96718f9f6d5c8b1d664f2a:0xef 
0x23aa404e28e260021b96718f9f6d5c8b1d664f2a:0xf0 
0x23aa404e28e260021b96718f9f6d5c8b1d664f2a:0xf2 
0x23aa404e28e260021b96718f9f6d5c8b1d664f2a:0xf3 
0x23aa404e28e260021b96718f9f6d5c8b1d664f2a:0xf4 
0x23aa404e28e260021b96718f9f6d5c8b1d664f2a:0xf5 
0x23aa404e28e260021b96718f9f6d5c8b1d664f2a:0xf6 
0x23aa404e28e260021b96718f9f6d5c8b1d664f2a:0xf7 
0x23aa404e28e260021b96718f9f6d5c8b1d664f2a:0xf8 
0x23aa404e28e260021b96718f9f6d5c8b1d664f2a:0x7d 
0x23aa404e28e260021b96718f9f6d5c8b1d664f2a:0x7e 
0x23aa404e28e260021b96718f9f6d5c8b1d664f2a:0x80 
0x23aa404e28e260021b96718f9f6d5c8b1d664f2a:0x81 
0x23aa404e28e260021b96718f9f6d5c8b1d664f2a:0x82 
0x23aa404e28e260021b96718f9f6d5c8b1d664f2a:0x83 
0x23aa404e28e260021b96718f9f6d5c8b1d664f2a:0x84 
0x23aa404e28e260021b96718f9f6d5c8b1d664f2a:0x85 
0x23aa404e28e260021b96718f9f6d5c8b1d664f2a:0x87 
0x23aa404e28e260021b96718f9f6d5c8b1d664f2a:0x88 
0x23aa404e28e260021b96718f9f6d5c8b1d664f2a:0x89 
0x23aa404e28e260021b96718f9f6d5c8b1d664f2a:0x8a 
0x23aa404e28e260021b96718f9f6d5c8b1d664f2a:0x8b 
0x23aa404e28e260021b96718f9f6d5c8b1d664f2a:0x8d 
0x23aa404e28e260021b96718f9f6d5c8b1d664f2a:0x8e 
0x23aa404e28e260021b96718f9f6d5c8b1d664f2a:0x8f 
0x23aa404e28e260021b96718f9f6d5c8b1d664f2a:0x90 
0x23aa404e28e260021b96718f9f6d5c8b1d664f2a:0x91 
0x23aa404e28e260021b96718f9f6d5c8b1d664f2a:0x92 
---
0x23aa404e28e260021b96718f9f6d5c8b1d664f2a:0x0 
0x23aa404e28e260021b96718f9f6d5c8b1d664f2a:0x2 
0x23aa404e28e260021b96718f9f6d5c8b1d664f2a:0x4 
0x23aa404e28e260021b96718f9f6d5c8b1d664f2a:0x5 
0x23aa404e28e260021b96718f9f6d5c8b1d664f2a:0x6 
0x23aa404e28e260021b96718f9f6d5c8b1d664f2a:0x7 
0x23aa404e28e260021b96718f9f6d5c8b1d664f2a:0x8 
0x23aa404e28e260021b96718f9f6d5c8b1d664f2a:0xb 
0x23aa404e28e260021b96718f9f6d5c8b1d664f2a:0x10 
0x23aa404e28e260021b96718f9f6d5c8b1d664f2a:0x11 
0x23aa404e28e260021b96718f9f6d5c8b1d664f2a:0x12 
0x23aa404e28e260021b96718f9f6d5c8b1d664f2a:0x14 
0x23aa404e28e260021b96718f9f6d5c8b1d664f2a:0x15 
0x23aa404e28e260021b96718f9f6d5c8b1d664f2a:0x16 
0x23aa404e28e260021b96718f9f6d5c8b1d664f2a:0x19 
0x23aa404e28e260021b96718f9f6d5c8b1d664f2a:0x1a 
0x23aa404e28e260021b96718f9f6d5c8b1d664f2a:0x1c 
0x23aa404e28e260021b96718f9f6d5c8b1d664f2a:0x1d 
0x23aa404e28e260021b96718f9f6d5c8b1d664f2a:0x1f 
0x23aa404e28e260021b96718f9f6d5c8b1d664f2a:0x20 
0x23aa404e28e260021b96718f9f6d5c8b1d664f2a:0x21 
0x23aa404e28e260021b96718f9f6d5c8b1d664f2a:0x26 
0x23aa404e28e260021b96718f9f6d5c8b1d664f2a:0x27 
0x23aa404e28e260021b96718f9f6d5c8b1d664f2a:0x2a 
0x23aa404e28e260021b96718f9f6d5c8b1d664f2a:0x2b 
0x23aa404e28e260021b96718f9f6d5c8b1d664f2a:0x2c 
0x23aa404e28e260021b96718f9f6d5c8b1d664f2a:0x31 
0x23aa404e28e260021b96718f9f6d5c8b1d664f2a:0x32 
0x23aa404e28e260021b96718f9f6d5c8b1d664f2a:0x35 
0x23aa404e28e260021b96718f9f6d5c8b1d664f2a:0x93 
0x23aa404e28e260021b96718f9f6d5c8b1d664f2a:0x94 
0x23aa404e28e260021b96718f9f6d5c8b1d664f2a:0x97 
0x23aa404e28e260021b96718f9f6d5c8b1d664f2a:0x99 
0x23aa404e28e260021b96718f9f6d5c8b1d664f2a:0x9a 
0x23aa404e28e260021b96718f9f6d5c8b1d664f2a:0x9b 
0x23aa404e28e260021b96718f9f6d5c8b1d664f2a:0x9c 
0x23aa404e28e260021b96718f9f6d5c8b1d664f2a:0x9e 
0x23aa404e28e260021b96718f9f6d5c8b1d664f2a:0x9f 
0x23aa404e28e260021b96718f9f6d5c8b1d664f2a:0xa0 
0x23aa404e28e260021b96718f9f6d5c8b1d664f2a:0xa1 
0x23aa404e28e260021b96718f9f6d5c8b1d664f2a:0xa4 
0x23aa404e28e260021b96718f9f6d5c8b1d664f2a:0xa9 
0x23aa404e28e260021b96718f9f6d5c8b1d664f2a:0xaa 
0x23aa404e28e260021b96718f9f6d5c8b1d664f2a:0xab 
0x23aa404e28e260021b96718f9f6d5c8b1d664f2a:0xac 
0x23aa404e28e260021b96718f9f6d5c8b1d664f2a:0xad 
0x23aa404e28e260021b96718f9f6d5c8b1d664f2a:0xae 
0x23aa404e28e260021b96718f9f6d5c8b1d664f2a:0xaf 
0x23aa404e28e260021b96718f9f6d5c8b1d664f2a:0xb0 
0x23aa404e28e260021b96718f9f6d5c8b1d664f2a:0xc5 
0x23aa404e28e260021b96718f9f6d5c8b1d664f2a:0xc6 
0x23aa404e28e260021b96718f9f6d5c8b1d664f2a:0xc7 
0x23aa404e28e260021b96718f9f6d5c8b1d664f2a:0xc9 
0x23aa404e28e260021b96718f9f6d5c8b1d664f2a:0xca 
0x23aa404e28e260021b96718f9f6d5c8b1d664f2a:0xcb 
0x23aa404e28e260021b96718f9f6d5c8b1d664f2a:0xcc 
0x23aa404e28e260021b96718f9f6d5c8b1d664f2a:0xcd 
0x23aa404e28e260021b96718f9f6d5c8b1d664f2a:0xce 
0x23aa404e28e260021b96718f9f6d5c8b1d664f2a:0xcf 
0x23aa404e28e260021b96718f9f6d5c8b1d664f2a:0xd0 
0x23aa404e28e260021b96718f9f6d5c8b1d664f2a:0xd1 
0x23aa404e28e260021b96718f9f6d5c8b1d664f2a:0xd3 
0x23aa404e28e260021b96718f9f6d5c8b1d664f2a:0xd4 
0x23aa404e28e260021b96718f9f6d5c8b1d664f2a:0xd5 
0x23aa404e28e260021b96718f9f6d5c8b1d664f2a:0xd6 
0x23aa404e28e260021b96718f9f6d5c8b1d664f2a:0xd7 
0x23aa404e28e260021b96718f9f6d5c8b1d664f2a:0xd8 
0x23aa404e28e260021b96718f9f6d5c8b1d664f2a:0xd9 
0x23aa404e28e260021b96718f9f6d5c8b1d664f2a:0xda 
0x23aa404e28e260021b96718f9f6d5c8b1d664f2a:0xdb 
0x23aa404e28e260021b96718f9f6d5c8b1d664f2a:0xde 
0x23aa404e28e260021b96718f9f6d5c8b1d664f2a:0xf9 
0x23aa404e28e260021b96718f9f6d5c8b1d664f2a:0xfa 
0x23aa404e28e260021b96718f9f6d5c8b1d664f2a:0xfc 
0x23aa404e28e260021b96718f9f6d5c8b1d664f2a:0xfd 
0x23aa404e28e260021b96718f9f6d5c8b1d664f2a:0xfe 
0x23aa404e28e260021b96718f9f6d5c8b1d664f2a:0x113 
0x23aa404e28e260021b96718f9f6d5c8b1d664f2a:0x114 
0x23aa404e28e260021b96718f9f6d5c8b1d664f2a:0x129 
0x23aa404e28e260021b96718f9f6d5c8b1d664f2a:0x12a 
0x23aa404e28e260021b96718f9f6d5c8b1d664f2a:0x12b 
0x23aa404e28e260021b96718f9f6d5c8b1d664f2a:0x12c 
0x23aa404e28e260021b96718f9f6d5c8b1d664f2a:0x12e 
0x23aa404e28e260021b96718f9f6d5c8b1d664f2a:0x12f 
0x23aa404e28e260021b96718f9f6d5c8b1d664f2a:0x130 
0x23aa404e28e260021b96718f9f6d5c8b1d664f2a:0x131 
0x23aa404e28e260021b96718f9f6d5c8b1d664f2a:0x132 
0x23aa404e28e260021b96718f9f6d5c8b1d664f2a:0x134 
0x23aa404e28e260021b96718f9f6d5c8b1d664f2a:0x135 
0x23aa404e28e260021b96718f9f6d5c8b1d664f2a:0x137 
0x23aa404e28e260021b96718f9f6d5c8b1d664f2a:0x138 
0x23aa404e28e260021b96718f9f6d5c8b1d664f2a:0x139 
0x23aa404e28e260021b96718f9f6d5c8b1d664f2a:0x13b 
0x23aa404e28e260021b96718f9f6d5c8b1d664f2a:0x13c 
0x23aa404e28e260021b96718f9f6d5c8b1d664f2a:0x13d 
0x23aa404e28e260021b96718f9f6d5c8b1d664f2a:0x152 
0x23aa404e28e260021b96718f9f6d5c8b1d664f2a:0x153 
0x23aa404e28e260021b96718f9f6d5c8b1d664f2a:0x168 
0x23aa404e28e260021b96718f9f6d5c8b1d664f2a:0x169 
0x23aa404e28e260021b96718f9f6d5c8b1d664f2a:0x16a 
0x23aa404e28e260021b96718f9f6d5c8b1d664f2a:0x16b 
0x23aa404e28e260021b96718f9f6d5c8b1d664f2a:0x16d 
0x23aa404e28e260021b96718f9f6d5c8b1d664f2a:0x16e 
0x23aa404e28e260021b96718f9f6d5c8b1d664f2a:0x16f 
0x23aa404e28e260021b96718f9f6d5c8b1d664f2a:0x170 
0x23aa404e28e260021b96718f9f6d5c8b1d664f2a:0x171 
0x23aa404e28e260021b96718f9f6d5c8b1d664f2a:0x173 
0x23aa404e28e260021b96718f9f6d5c8b1d664f2a:0x174 
0x23aa404e28e260021b96718f9f6d5c8b1d664f2a:0x176 
0x23aa404e28e260021b96718f9f6d5c8b1d664f2a:0x177 
0x23aa404e28e260021b96718f9f6d5c8b1d664f2a:0x178 
0x23aa404e28e260021b96718f9f6d5c8b1d664f2a:0x179 
0x23aa404e28e260021b96718f9f6d5c8b1d664f2a:0x17c 
0x23aa404e28e260021b96718f9f6d5c8b1d664f2a:0x17d 
0x23aa404e28e260021b96718f9f6d5c8b1d664f2a:0x17e 
0x23aa404e28e260021b96718f9f6d5c8b1d664f2a:0x180 
0x23aa404e28e260021b96718f9f6d5c8b1d664f2a:0x181 
0x23aa404e28e260021b96718f9f6d5c8b1d664f2a:0x182 
0x23aa404e28e260021b96718f9f6d5c8b1d664f2a:0x197 
0x23aa404e28e260021b96718f9f6d5c8b1d664f2a:0x198 
0x23aa404e28e260021b96718f9f6d5c8b1d664f2a:0x1ad 
0x23aa404e28e260021b96718f9f6d5c8b1d664f2a:0x1ae 
0x23aa404e28e260021b96718f9f6d5c8b1d664f2a:0x1af 
0x23aa404e28e260021b96718f9f6d5c8b1d664f2a:0x1b0 
0x23aa404e28e260021b96718f9f6d5c8b1d664f2a:0x1b2 
0x23aa404e28e260021b96718f9f6d5c8b1d664f2a:0x1b3 
0x23aa404e28e260021b96718f9f6d5c8b1d664f2a:0x1b4 
0x23aa404e28e260021b96718f9f6d5c8b1d664f2a:0x1b5 
0x23aa404e28e260021b96718f9f6d5c8b1d664f2a:0x1b6 
0x23aa404e28e260021b96718f9f6d5c8b1d664f2a:0x1b8 
0x23aa404e28e260021b96718f9f6d5c8b1d664f2a:0x1b9 
0x23aa404e28e260021b96718f9f6d5c8b1d664f2a:0x1bb 
0x23aa404e28e260021b96718f9f6d5c8b1d664f2a:0x1bc 
0x23aa404e28e260021b96718f9f6d5c8b1d664f2a:0x1be 
0x23aa404e28e260021b96718f9f6d5c8b1d664f2a:0x1bf 
0x23aa404e28e260021b96718f9f6d5c8b1d664f2a:0x1c0 
0x23aa404e28e260021b96718f9f6d5c8b1d664f2a:0x1c1 
0x23aa404e28e260021b96718f9f6d5c8b1d664f2a:0x1c2 
0x23aa404e28e260021b96718f9f6d5c8b1d664f2a:0x1c3 
0x23aa404e28e260021b96718f9f6d5c8b1d664f2a:0x1c4 
0x23aa404e28e260021b96718f9f6d5c8b1d664f2a:0x1c5 
0x23aa404e28e260021b96718f9f6d5c8b1d664f2a:0x1c6 
0x23aa404e28e260021b96718f9f6d5c8b1d664f2a:0x1c7 
0x23aa404e28e260021b96718f9f6d5c8b1d664f2a:0x1c8 
0x23aa404e28e260021b96718f9f6d5c8b1d664f2a:0x1c9 
0x23aa404e28e260021b96718f9f6d5c8b1d664f2a:0x1ca 
0x23aa404e28e260021b96718f9f6d5c8b1d664f2a:0x1cc 
0x23aa404e28e260021b96718f9f6d5c8b1d664f2a:0x1cd 
0x23aa404e28e260021b96718f9f6d5c8b1d664f2a:0x1ce 
0x23aa404e28e260021b96718f9f6d5c8b1d664f2a:0x1e3 
0x23aa404e28e260021b96718f9f6d5c8b1d664f2a:0x1e4 
0x23aa404e28e260021b96718f9f6d5c8b1d664f2a:0x1f9 
0x23aa404e28e260021b96718f9f6d5c8b1d664f2a:0x1fa 
0x23aa404e28e260021b96718f9f6d5c8b1d664f2a:0x1fb 
0x23aa404e28e260021b96718f9f6d5c8b1d664f2a:0x1fc 
0x23aa404e28e260021b96718f9f6d5c8b1d664f2a:0x1fe 
0x23aa404e28e260021b96718f9f6d5c8b1d664f2a:0x1ff 
0x23aa404e28e260021b96718f9f6d5c8b1d664f2a:0x200 
0x23aa404e28e260021b96718f9f6d5c8b1d664f2a:0x201 
0x23aa404e28e260021b96718f9f6d5c8b1d664f2a:0x202 
0x23aa404e28e260021b96718f9f6d5c8b1d664f2a:0x204 
0x23aa404e28e260021b96718f9f6d5c8b1d664f2a:0x205 
0x23aa404e28e260021b96718f9f6d5c8b1d664f2a:0x207 
0x23aa404e28e260021b96718f9f6d5c8b1d664f2a:0x208 
0x23aa404e28e260021b96718f9f6d5c8b1d664f2a:0x20a 
0x23aa404e28e260021b96718f9f6d5c8b1d664f2a:0x20b 
0x23aa404e28e260021b96718f9f6d5c8b1d664f2a:0x20c 
0x23aa404e28e260021b96718f9f6d5c8b1d664f2a:0x20d 
0x23aa404e28e260021b96718f9f6d5c8b1d664f2a:0x20e 
0x23aa404e28e260021b96718f9f6d5c8b1d664f2a:0x20f 
0x23aa404e28e260021b96718f9f6d5c8b1d664f2a:0x210 
0x23aa404e28e260021b96718f9f6d5c8b1d664f2a:0x211 
0x23aa404e28e260021b96718f9f6d5c8b1d664f2a:0x212 
0x23aa404e28e260021b96718f9f6d5c8b1d664f2a:0x213 
0x23aa404e28e260021b96718f9f6d5c8b1d664f2a:0x214 
0x23aa404e28e260021b96718f9f6d5c8b1d664f2a:0x215 
0x23aa404e28e260021b96718f9f6d5c8b1d664f2a:0x216 
0x23aa404e28e260021b96718f9f6d5c8b1d664f2a:0x217 
0x23aa404e28e260021b96718f9f6d5c8b1d664f2a:0x218 
0x23aa404e28e260021b96718f9f6d5c8b1d664f2a:0xdf 
0x23aa404e28e260021b96718f9f6d5c8b1d664f2a:0xe0 
---
0x23aa404e28e260021b96718f9f6d5c8b1d664f2a:0x0 
0x23aa404e28e260021b96718f9f6d5c8b1d664f2a:0x2 
0x23aa404e28e260021b96718f9f6d5c8b1d664f2a:0x4 
0x23aa404e28e260021b96718f9f6d5c8b1d664f2a:0x5 
0x23aa404e28e260021b96718f9f6d5c8b1d664f2a:0x6 
0x23aa404e28e260021b96718f9f6d5c8b1d664f2a:0x7 
0x23aa404e28e260021b96718f9f6d5c8b1d664f2a:0x8 
0x23aa404e28e260021b96718f9f6d5c8b1d664f2a:0xb 
0x23aa404e28e260021b96718f9f6d5c8b1d664f2a:0x10 
0x23aa404e28e260021b96718f9f6d5c8b1d664f2a:0x11 
0x23aa404e28e260021b96718f9f6d5c8b1d664f2a:0x12 
0x23aa404e28e260021b96718f9f6d5c8b1d664f2a:0x14 
0x23aa404e28e260021b96718f9f6d5c8b1d664f2a:0x15 
0x23aa404e28e260021b96718f9f6d5c8b1d664f2a:0x16 
0x23aa404e28e260021b96718f9f6d5c8b1d664f2a:0x19 
0x23aa404e28e260021b96718f9f6d5c8b1d664f2a:0x1a 
0x23aa404e28e260021b96718f9f6d5c8b1d664f2a:0x1c 
0x23aa404e28e260021b96718f9f6d5c8b1d664f2a:0x1d 
0x23aa404e28e260021b96718f9f6d5c8b1d664f2a:0x1f 
0x23aa404e28e260021b96718f9f6d5c8b1d664f2a:0x20 
0x23aa404e28e260021b96718f9f6d5c8b1d664f2a:0x21 
0x23aa404e28e260021b96718f9f6d5c8b1d664f2a:0x26 
0x23aa404e28e260021b96718f9f6d5c8b1d664f2a:0x27 
0x23aa404e28e260021b96718f9f6d5c8b1d664f2a:0x2a 
0x23aa404e28e260021b96718f9f6d5c8b1d664f2a:0x3b 
0x23aa404e28e260021b96718f9f6d5c8b1d664f2a:0x3c 
0x23aa404e28e260021b96718f9f6d5c8b1d664f2a:0x3f 
0x23aa404e28e260021b96718f9f6d5c8b1d664f2a:0x41 
0x23aa404e28e260021b96718f9f6d5c8b1d664f2a:0x42 
0x23aa404e28e260021b96718f9f6d5c8b1d664f2a:0x43 
0x23aa404e28e260021b96718f9f6d5c8b1d664f2a:0x44 
0x23aa404e28e260021b96718f9f6d5c8b1d664f2a:0x46 
0x23aa404e28e260021b96718f9f6d5c8b1d664f2a:0x47 
0x23aa404e28e260021b96718f9f6d5c8b1d664f2a:0x48 
0x23aa404e28e260021b96718f9f6d5c8b1d664f2a:0x49 
0x23aa404e28e260021b96718f9f6d5c8b1d664f2a:0x4c 
0x23aa404e28e260021b96718f9f6d5c8b1d664f2a:0x51 
0x23aa404e28e260021b96718f9f6d5c8b1d664f2a:0x52 
0x23aa404e28e260021b96718f9f6d5c8b1d664f2a:0x53 
0x23aa404e28e260021b96718f9f6d5c8b1d664f2a:0x54 
0x23aa404e28e260021b96718f9f6d5c8b1d664f2a:0x55 
0x23aa404e28e260021b96718f9f6d5c8b1d664f2a:0x56 
0x23aa404e28e260021b96718f9f6d5c8b1d664f2a:0x57 
0x23aa404e28e260021b96718f9f6d5c8b1d664f2a:0x58 
0x23aa404e28e260021b96718f9f6d5c8b1d664f2a:0x6d 
0x23aa404e28e260021b96718f9f6d5c8b1d664f2a:0x6e 
0x23aa404e28e260021b96718f9f6d5c8b1d664f2a:0x6f 
0x23aa404e28e260021b96718f9f6d5c8b1d664f2a:0x71 
0x23aa404e28e260021b96718f9f6d5c8b1d664f2a:0x72 
0x23aa404e28e260021b96718f9f6d5c8b1d664f2a:0x73 
0x23aa404e28e260021b96718f9f6d5c8b1d664f2a:0x74 
0x23aa404e28e260021b96718f9f6d5c8b1d664f2a:0x75 
0x23aa404e28e260021b96718f9f6d5c8b1d664f2a:0x76 
0x23aa404e28e260021b96718f9f6d5c8b1d664f2a:0x77 
0x23aa404e28e260021b96718f9f6d5c8b1d664f2a:0x78 
0x23aa404e28e260021b96718f9f6d5c8b1d664f2a:0x79 
0x23aa404e28e260021b96718f9f6d5c8b1d664f2a:0x7c 
0x23aa404e28e260021b96718f9f6d5c8b1d664f2a:0xe1 
0x23aa404e28e260021b96718f9f6d5c8b1d664f2a:0xe2 
0x23aa404e28e260021b96718f9f6d5c8b1d664f2a:0xe4 
0x23aa404e28e260021b96718f9f6d5c8b1d664f2a:0xe6 
0x23aa404e28e260021b96718f9f6d5c8b1d664f2a:0xe7 
0x23aa404e28e260021b96718f9f6d5c8b1d664f2a:0xe8 
0x23aa404e28e260021b96718f9f6d5c8b1d664f2a:0xea 
0x23aa404e28e260021b96718f9f6d5c8b1d664f2a:0xeb 
0x23aa404e28e260021b96718f9f6d5c8b1d664f2a:0xed 
0x23aa404e28e260021b96718f9f6d5c8b1d664f2a:0xef 
0x23aa404e28e260021b96718f9f6d5c8b1d664f2a:0xf0 
0x23aa404e28e260021b96718f9f6d5c8b1d664f2a:0xf2 
0x23aa404e28e260021b96718f9f6d5c8b1d664f2a:0xf3 
0x23aa404e28e260021b96718f9f6d5c8b1d664f2a:0xf4 
0x23aa404e28e260021b96718f9f6d5c8b1d664f2a:0xf5 
0x23aa404e28e260021b96718f9f6d5c8b1d664f2a:0xf6 
0x23aa404e28e260021b96718f9f6d5c8b1d664f2a:0xf7 
0x23aa404e28e260021b96718f9f6d5c8b1d664f2a:0xf8 
0x23aa404e28e260021b96718f9f6d5c8b1d664f2a:0x7d 
0x23aa404e28e260021b96718f9f6d5c8b1d664f2a:0x7e 
0x23aa404e28e260021b96718f9f6d5c8b1d664f2a:0x80 
0x23aa404e28e260021b96718f9f6d5c8b1d664f2a:0x81 
0x23aa404e28e260021b96718f9f6d5c8b1d664f2a:0x82 
0x23aa404e28e260021b96718f9f6d5c8b1d664f2a:0x83 
0x23aa404e28e260021b96718f9f6d5c8b1d664f2a:0x84 
0x23aa404e28e260021b96718f9f6d5c8b1d664f2a:0x85 
0x23aa404e28e260021b96718f9f6d5c8b1d664f2a:0x87 
0x23aa404e28e260021b96718f9f6d5c8b1d664f2a:0x88 
0x23aa404e28e260021b96718f9f6d5c8b1d664f2a:0x89 
0x23aa404e28e260021b96718f9f6d5c8b1d664f2a:0x8a 
0x23aa404e28e260021b96718f9f6d5c8b1d664f2a:0x8b 
0x23aa404e28e260021b96718f9f6d5c8b1d664f2a:0x8d 
0x23aa404e28e260021b96718f9f6d5c8b1d664f2a:0x8e 
0x23aa404e28e260021b96718f9f6d5c8b1d664f2a:0x8f 
0x23aa404e28e260021b96718f9f6d5c8b1d664f2a:0x90 
0x23aa404e28e260021b96718f9f6d5c8b1d664f2a:0x91 
0x23aa404e28e260021b96718f9f6d5c8b1d664f2a:0x92 
